============================= test session starts =============================
platform win32 -- Python 3.9.0, pytest-6.2.1, py-1.10.0, pluggy-0.13.1
rootdir: C:\Users\KG\CS491Project\pyCGM-1
collected 12 items

pyCGM_Single\pycgmKinetics.py ......F.....                               [100%]

================================== FAILURES ===================================
______________ [doctest] pyCGM_Single.pycgmKinetics.getKinetics _______________
435 
436     Examples
437     --------
438     >>> from .pyCGM_Helpers import getfilenames
439     >>> from .pycgmIO import loadData, loadVSK
440     >>> from .pycgmStatic import getStatic
441     >>> from .pycgmCalc import calcAngles
442     >>> from numpy import around
443     >>> dynamic_trial,static_trial,vsk_file,_,_ = getfilenames(x=3)
444     >>> motionData  = loadData(dynamic_trial)
UNEXPECTED EXCEPTION: AttributeError("'array.array' object has no attribute 'fromstring'")
Traceback (most recent call last):
  File "c:\users\kg\appdata\local\programs\python\python39\lib\doctest.py", line 1336, in __run
    exec(compile(example.source, filename, "single",
  File "<doctest pyCGM_Single.pycgmKinetics.getKinetics[6]>", line 1, in <module>
  File "C:\Users\KG\CS491Project\pyCGM-1\pyCGM_Single\pycgmIO.py", line 242, in loadData
    data = loadC3D(filename)[0]
  File "C:\Users\KG\CS491Project\pyCGM-1\pyCGM_Single\pycgmIO.py", line 133, in loadC3D
    for frame_no, points, analog in reader.read_frames(True,True):
  File "C:\Users\KG\CS491Project\pyCGM-1\pyCGM_Single\c3dpy3.py", line 853, in read_frames
    offsets = param.int16_array[:apf]
  File "C:\Users\KG\CS491Project\pyCGM-1\pyCGM_Single\c3dpy3.py", line 373, in int16_array
    return self._as_array('h')
  File "C:\Users\KG\CS491Project\pyCGM-1\pyCGM_Single\c3dpy3.py", line 357, in _as_array
    elems.fromstring(self.bytes)
AttributeError: 'array.array' object has no attribute 'fromstring'
C:\Users\KG\CS491Project\pyCGM-1\pyCGM_Single\pycgmKinetics.py:444: UnexpectedException
=========================== short test summary info ===========================
FAILED pyCGM_Single/pycgmKinetics.py::pyCGM_Single.pycgmKinetics.getKinetics
======================== 1 failed, 11 passed in 0.46s =========================
